# JRE version: OpenJDK Runtime Environment (21.0.4) (build 21.0.4+-12508038-b607.1)
# Java VM: OpenJDK 64-Bit Server VM (21.0.4+-12508038-b607.1, mixed mode, tiered, compressed oops, compressed class ptrs, g1 gc, windows-amd64)
GC Precious Log:
 CardTable entry size: 512
 Card Set container configuration: InlinePtr #cards 5 size 8 Array Of Cards #cards 12 size 40 Howl #buckets 4 coarsen threshold 1843 Howl Bitmap #cards 512 size 80 coarsen threshold 460 Card regions per heap region 1 cards per card region 2048
 CPUs: 16 total, 16 available
 Memory: 7582M
 Large Page Support: Disabled
 NUMA Support: Disabled
 Compressed Oops: Enabled (32-bit)
 Heap Region Size: 1M
 Heap Min Capacity: 8M
 Heap Initial Capacity: 120M
 Heap Max Capacity: 2G
 Pre-touch: Disabled
 Parallel Workers: 13
 Concurrent Workers: 3
 Concurrent Refinement Workers: 13
 Periodic GC: Disabled
Heap:
 garbage-first heap   total 188416K, used 131504K [0x0000000080000000, 0x0000000100000000)
  region size 1024K, 24 young (24576K), 5 survivors (5120K)
 Metaspace       used 93863K, committed 95872K, reserved 1179648K
  class space    used 12499K, committed 13504K, reserved 1048576K
GC Heap History (20 events):
Event: 19.354 GC heap before
{Heap before GC invocations=23 (full 0):
 garbage-first heap   total 132096K, used 116910K [0x0000000080000000, 0x0000000100000000)
  region size 1024K, 39 young (39936K), 6 survivors (6144K)
 Metaspace       used 73155K, committed 74944K, reserved 1114112K
  class space    used 9911K, committed 10816K, reserved 1048576K
}
Event: 19.363 GC heap after
{Heap after GC invocations=24 (full 0):
 garbage-first heap   total 132096K, used 86112K [0x0000000080000000, 0x0000000100000000)
  region size 1024K, 4 young (4096K), 4 survivors (4096K)
 Metaspace       used 73155K, committed 74944K, reserved 1114112K
  class space    used 9911K, committed 10816K, reserved 1048576K
}
Event: 19.559 GC heap before
{Heap before GC invocations=25 (full 0):
 garbage-first heap   total 145408K, used 117856K [0x0000000080000000, 0x0000000100000000)
  region size 1024K, 36 young (36864K), 4 survivors (4096K)
 Metaspace       used 73221K, committed 75072K, reserved 1114112K
  class space    used 9911K, committed 10816K, reserved 1048576K
}
Event: 19.563 GC heap after
{Heap after GC invocations=26 (full 0):
 garbage-first heap   total 145408K, used 86983K [0x0000000080000000, 0x0000000100000000)
  region size 1024K, 4 young (4096K), 4 survivors (4096K)
 Metaspace       used 73221K, committed 75072K, reserved 1114112K
  class space    used 9911K, committed 10816K, reserved 1048576K
}
Event: 19.721 GC heap before
{Heap before GC invocations=26 (full 0):
 garbage-first heap   total 145408K, used 128967K [0x0000000080000000, 0x0000000100000000)
  region size 1024K, 46 young (47104K), 4 survivors (4096K)
 Metaspace       used 73227K, committed 75072K, reserved 1114112K
  class space    used 9911K, committed 10816K, reserved 1048576K
}
Event: 19.728 GC heap after
{Heap after GC invocations=27 (full 0):
 garbage-first heap   total 145408K, used 85998K [0x0000000080000000, 0x0000000100000000)
  region size 1024K, 4 young (4096K), 4 survivors (4096K)
 Metaspace       used 73227K, committed 75072K, reserved 1114112K
  class space    used 9911K, committed 10816K, reserved 1048576K
}
Event: 21.064 GC heap before
{Heap before GC invocations=27 (full 0):
 garbage-first heap   total 145408K, used 113646K [0x0000000080000000, 0x0000000100000000)
  region size 1024K, 32 young (32768K), 4 survivors (4096K)
 Metaspace       used 73380K, committed 75136K, reserved 1114112K
  class space    used 9932K, committed 10816K, reserved 1048576K
}
Event: 21.071 GC heap after
{Heap after GC invocations=28 (full 0):
 garbage-first heap   total 145408K, used 86711K [0x0000000080000000, 0x0000000100000000)
  region size 1024K, 4 young (4096K), 4 survivors (4096K)
 Metaspace       used 73380K, committed 75136K, reserved 1114112K
  class space    used 9932K, committed 10816K, reserved 1048576K
}
Event: 21.831 GC heap before
{Heap before GC invocations=29 (full 0):
 garbage-first heap   total 148480K, used 136887K [0x0000000080000000, 0x0000000100000000)
  region size 1024K, 47 young (48128K), 4 survivors (4096K)
 Metaspace       used 76205K, committed 78080K, reserved 1179648K
  class space    used 10290K, committed 11200K, reserved 1048576K
}
Event: 21.838 GC heap after
{Heap after GC invocations=30 (full 0):
 garbage-first heap   total 149504K, used 99847K [0x0000000080000000, 0x0000000100000000)
  region size 1024K, 6 young (6144K), 6 survivors (6144K)
 Metaspace       used 76205K, committed 78080K, reserved 1179648K
  class space    used 10290K, committed 11200K, reserved 1048576K
}
Event: 25.875 GC heap before
{Heap before GC invocations=30 (full 0):
 garbage-first heap   total 149504K, used 133639K [0x0000000080000000, 0x0000000100000000)
  region size 1024K, 40 young (40960K), 6 survivors (6144K)
 Metaspace       used 80041K, committed 81920K, reserved 1179648K
  class space    used 10639K, committed 11584K, reserved 1048576K
}
Event: 25.889 GC heap after
{Heap after GC invocations=31 (full 0):
 garbage-first heap   total 149504K, used 99304K [0x0000000080000000, 0x0000000100000000)
  region size 1024K, 1 young (1024K), 1 survivors (1024K)
 Metaspace       used 80041K, committed 81920K, reserved 1179648K
  class space    used 10639K, committed 11584K, reserved 1048576K
}
Event: 27.105 GC heap before
{Heap before GC invocations=31 (full 0):
 garbage-first heap   total 149504K, used 137192K [0x0000000080000000, 0x0000000100000000)
  region size 1024K, 38 young (38912K), 1 survivors (1024K)
 Metaspace       used 84629K, committed 86528K, reserved 1179648K
  class space    used 11265K, committed 12224K, reserved 1048576K
}
Event: 27.114 GC heap after
{Heap after GC invocations=32 (full 0):
 garbage-first heap   total 149504K, used 101954K [0x0000000080000000, 0x0000000100000000)
  region size 1024K, 4 young (4096K), 4 survivors (4096K)
 Metaspace       used 84629K, committed 86528K, reserved 1179648K
  class space    used 11265K, committed 12224K, reserved 1048576K
}
Event: 27.880 GC heap before
{Heap before GC invocations=33 (full 0):
 garbage-first heap   total 179200K, used 138818K [0x0000000080000000, 0x0000000100000000)
  region size 1024K, 35 young (35840K), 4 survivors (4096K)
 Metaspace       used 86104K, committed 88000K, reserved 1179648K
  class space    used 11478K, committed 12416K, reserved 1048576K
}
Event: 27.887 GC heap after
{Heap after GC invocations=34 (full 0):
 garbage-first heap   total 179200K, used 106035K [0x0000000080000000, 0x0000000100000000)
  region size 1024K, 5 young (5120K), 5 survivors (5120K)
 Metaspace       used 86104K, committed 88000K, reserved 1179648K
  class space    used 11478K, committed 12416K, reserved 1048576K
}
Event: 31.917 GC heap before
{Heap before GC invocations=34 (full 0):
 garbage-first heap   total 179200K, used 157235K [0x0000000080000000, 0x0000000100000000)
  region size 1024K, 55 young (56320K), 5 survivors (5120K)
 Metaspace       used 89543K, committed 91456K, reserved 1179648K
  class space    used 11912K, committed 12864K, reserved 1048576K
}
Event: 31.928 GC heap after
{Heap after GC invocations=35 (full 0):
 garbage-first heap   total 179200K, used 108744K [0x0000000080000000, 0x0000000100000000)
  region size 1024K, 7 young (7168K), 7 survivors (7168K)
 Metaspace       used 89543K, committed 91456K, reserved 1179648K
  class space    used 11912K, committed 12864K, reserved 1048576K
}
Event: 33.207 GC heap before
{Heap before GC invocations=35 (full 0):
 garbage-first heap   total 179200K, used 158920K [0x0000000080000000, 0x0000000100000000)
  region size 1024K, 56 young (57344K), 7 survivors (7168K)
 Metaspace       used 92568K, committed 94528K, reserved 1179648K
  class space    used 12313K, committed 13312K, reserved 1048576K
}
Event: 33.219 GC heap after
{Heap after GC invocations=36 (full 0):
 garbage-first heap   total 179200K, used 112048K [0x0000000080000000, 0x0000000100000000)
  region size 1024K, 5 young (5120K), 5 survivors (5120K)
 Metaspace       used 92568K, committed 94528K, reserved 1179648K
  class space    used 12313K, committed 13312K, reserved 1048576K
}

