# JRE version: OpenJDK Runtime Environment (21.0.4) (build 21.0.4+-12508038-b607.1)
# Java VM: OpenJDK 64-Bit Server VM (21.0.4+-12508038-b607.1, mixed mode, tiered, compressed oops, compressed class ptrs, g1 gc, windows-amd64)
GC Precious Log:
 CardTable entry size: 512
 Card Set container configuration: InlinePtr #cards 5 size 8 Array Of Cards #cards 12 size 40 Howl #buckets 4 coarsen threshold 1843 Howl Bitmap #cards 512 size 80 coarsen threshold 460 Card regions per heap region 1 cards per card region 2048
 CPUs: 16 total, 16 available
 Memory: 7582M
 Large Page Support: Disabled
 NUMA Support: Disabled
 Compressed Oops: Enabled (32-bit)
 Heap Region Size: 1M
 Heap Min Capacity: 8M
 Heap Initial Capacity: 120M
 Heap Max Capacity: 2G
 Pre-touch: Disabled
 Parallel Workers: 13
 Concurrent Workers: 3
 Concurrent Refinement Workers: 13
 Periodic GC: Disabled
Heap:
 garbage-first heap   total 240640K, used 213765K [0x0000000080000000, 0x0000000100000000)
  region size 1024K, 28 young (28672K), 5 survivors (5120K)
 Metaspace       used 115406K, committed 117632K, reserved 1179648K
  class space    used 15730K, committed 16896K, reserved 1048576K
GC Heap History (20 events):
Event: 32.934 GC heap before
{Heap before GC invocations=37 (full 0):
 garbage-first heap   total 135168K, used 119418K [0x0000000080000000, 0x0000000100000000)
  region size 1024K, 36 young (36864K), 5 survivors (5120K)
 Metaspace       used 106235K, committed 108352K, reserved 1179648K
  class space    used 14305K, committed 15360K, reserved 1048576K
}
Event: 32.942 GC heap after
{Heap after GC invocations=38 (full 0):
 garbage-first heap   total 135168K, used 90358K [0x0000000080000000, 0x0000000100000000)
  region size 1024K, 4 young (4096K), 4 survivors (4096K)
 Metaspace       used 106235K, committed 108352K, reserved 1179648K
  class space    used 14305K, committed 15360K, reserved 1048576K
}
Event: 36.734 GC heap before
{Heap before GC invocations=39 (full 0):
 garbage-first heap   total 152576K, used 121078K [0x0000000080000000, 0x0000000100000000)
  region size 1024K, 35 young (35840K), 4 survivors (4096K)
 Metaspace       used 106592K, committed 108736K, reserved 1179648K
  class space    used 14359K, committed 15424K, reserved 1048576K
}
Event: 36.741 GC heap after
{Heap after GC invocations=40 (full 0):
 garbage-first heap   total 152576K, used 92138K [0x0000000080000000, 0x0000000100000000)
  region size 1024K, 5 young (5120K), 5 survivors (5120K)
 Metaspace       used 106592K, committed 108736K, reserved 1179648K
  class space    used 14359K, committed 15424K, reserved 1048576K
}
Event: 37.010 GC heap before
{Heap before GC invocations=40 (full 0):
 garbage-first heap   total 152576K, used 135146K [0x0000000080000000, 0x0000000100000000)
  region size 1024K, 48 young (49152K), 5 survivors (5120K)
 Metaspace       used 107037K, committed 109248K, reserved 1179648K
  class space    used 14423K, committed 15552K, reserved 1048576K
}
Event: 37.019 GC heap after
{Heap after GC invocations=41 (full 0):
 garbage-first heap   total 152576K, used 93306K [0x0000000080000000, 0x0000000100000000)
  region size 1024K, 5 young (5120K), 5 survivors (5120K)
 Metaspace       used 107037K, committed 109248K, reserved 1179648K
  class space    used 14423K, committed 15552K, reserved 1048576K
}
Event: 37.243 GC heap before
{Heap before GC invocations=41 (full 0):
 garbage-first heap   total 152576K, used 135290K [0x0000000080000000, 0x0000000100000000)
  region size 1024K, 47 young (48128K), 5 survivors (5120K)
 Metaspace       used 107534K, committed 109632K, reserved 1179648K
  class space    used 14485K, committed 15552K, reserved 1048576K
}
Event: 37.252 GC heap after
{Heap after GC invocations=42 (full 0):
 garbage-first heap   total 183296K, used 95906K [0x0000000080000000, 0x0000000100000000)
  region size 1024K, 6 young (6144K), 6 survivors (6144K)
 Metaspace       used 107534K, committed 109632K, reserved 1179648K
  class space    used 14485K, committed 15552K, reserved 1048576K
}
Event: 38.501 GC heap before
{Heap before GC invocations=43 (full 0):
 garbage-first heap   total 183296K, used 171682K [0x0000000080000000, 0x0000000100000000)
  region size 1024K, 69 young (70656K), 6 survivors (6144K)
 Metaspace       used 110678K, committed 112896K, reserved 1179648K
  class space    used 14894K, committed 16000K, reserved 1048576K
}
Event: 38.511 GC heap after
{Heap after GC invocations=44 (full 0):
 garbage-first heap   total 185344K, used 113599K [0x0000000080000000, 0x0000000100000000)
  region size 1024K, 9 young (9216K), 9 survivors (9216K)
 Metaspace       used 110678K, committed 112896K, reserved 1179648K
  class space    used 14894K, committed 16000K, reserved 1048576K
}
Event: 42.197 GC heap before
{Heap before GC invocations=44 (full 0):
 garbage-first heap   total 185344K, used 183231K [0x0000000080000000, 0x0000000100000000)
  region size 1024K, 48 young (49152K), 9 survivors (9216K)
 Metaspace       used 112445K, committed 114624K, reserved 1179648K
  class space    used 15133K, committed 16192K, reserved 1048576K
}
Event: 42.217 GC heap after
{Heap after GC invocations=45 (full 0):
 garbage-first heap   total 205824K, used 135912K [0x0000000080000000, 0x0000000100000000)
  region size 1024K, 8 young (8192K), 8 survivors (8192K)
 Metaspace       used 112445K, committed 114624K, reserved 1179648K
  class space    used 15133K, committed 16192K, reserved 1048576K
}
Event: 42.442 GC heap before
{Heap before GC invocations=45 (full 0):
 garbage-first heap   total 205824K, used 150248K [0x0000000080000000, 0x0000000100000000)
  region size 1024K, 23 young (23552K), 8 survivors (8192K)
 Metaspace       used 112447K, committed 114624K, reserved 1179648K
  class space    used 15133K, committed 16192K, reserved 1048576K
}
Event: 42.455 GC heap after
{Heap after GC invocations=46 (full 0):
 garbage-first heap   total 205824K, used 142140K [0x0000000080000000, 0x0000000100000000)
  region size 1024K, 7 young (7168K), 7 survivors (7168K)
 Metaspace       used 112447K, committed 114624K, reserved 1179648K
  class space    used 15133K, committed 16192K, reserved 1048576K
}
Event: 43.501 GC heap before
{Heap before GC invocations=47 (full 0):
 garbage-first heap   total 240640K, used 175932K [0x0000000080000000, 0x0000000100000000)
  region size 1024K, 39 young (39936K), 7 survivors (7168K)
 Metaspace       used 115050K, committed 117248K, reserved 1179648K
  class space    used 15712K, committed 16832K, reserved 1048576K
}
Event: 43.555 GC heap after
{Heap after GC invocations=48 (full 0):
 garbage-first heap   total 240640K, used 152053K [0x0000000080000000, 0x0000000100000000)
  region size 1024K, 5 young (5120K), 5 survivors (5120K)
 Metaspace       used 115050K, committed 117248K, reserved 1179648K
  class space    used 15712K, committed 16832K, reserved 1048576K
}
Event: 43.912 GC heap before
{Heap before GC invocations=48 (full 0):
 garbage-first heap   total 240640K, used 197109K [0x0000000080000000, 0x0000000100000000)
  region size 1024K, 50 young (51200K), 5 survivors (5120K)
 Metaspace       used 115326K, committed 117568K, reserved 1179648K
  class space    used 15725K, committed 16896K, reserved 1048576K
}
Event: 43.949 GC heap after
{Heap after GC invocations=49 (full 0):
 garbage-first heap   total 240640K, used 173735K [0x0000000080000000, 0x0000000100000000)
  region size 1024K, 7 young (7168K), 7 survivors (7168K)
 Metaspace       used 115326K, committed 117568K, reserved 1179648K
  class space    used 15725K, committed 16896K, reserved 1048576K
}
Event: 44.118 GC heap before
{Heap before GC invocations=49 (full 0):
 garbage-first heap   total 240640K, used 205479K [0x0000000080000000, 0x0000000100000000)
  region size 1024K, 39 young (39936K), 7 survivors (7168K)
 Metaspace       used 115338K, committed 117568K, reserved 1179648K
  class space    used 15726K, committed 16896K, reserved 1048576K
}
Event: 44.147 GC heap after
{Heap after GC invocations=50 (full 0):
 garbage-first heap   total 240640K, used 191237K [0x0000000080000000, 0x0000000100000000)
  region size 1024K, 5 young (5120K), 5 survivors (5120K)
 Metaspace       used 115338K, committed 117568K, reserved 1179648K
  class space    used 15726K, committed 16896K, reserved 1048576K
}

